Build started 18-05-2012  12:45:33 PM.
     1>Project "C:\Users\user1\Desktop\Poop\Game\Game\Game.vcxproj" on node 2 (build target(s)).
     1>InitializeBuildStatus:
         Creating "Debug\Game.unsuccessfulbuild" because "AlwaysCreate" was specified.
       ClCompile:
         C:\Program Files\Microsoft Visual Studio 10.0\VC\bin\CL.exe /c /I"C:\Users\user1\Desktop\Poop\Game\SFML-2.0-rc\include" /ZI /nologo /W3 /WX- /Od /Oy- /D WIN32 /D _DEBUG /D _CONSOLE /D _UNICODE /D UNICODE /Gm /EHsc /RTC1 /MDd /GS /fp:precise /Zc:wchar_t /Zc:forScope /Fo"Debug\\" /Fd"Debug\vc100.pdb" /Gd /TP /analyze- /errorReport:prompt Game.cpp
         Game.cpp
       ManifestResourceCompile:
         All outputs are up-to-date.
       Link:
         C:\Program Files\Microsoft Visual Studio 10.0\VC\bin\link.exe /ERRORREPORT:PROMPT /OUT:"C:\Users\user1\Desktop\Poop\Game\Debug\Game.exe" /INCREMENTAL /NOLOGO /LIBPATH:"C:\Users\user1\Desktop\Poop\Game\SFML-2.0-rc\lib" "sfml-system-d.lib" "sfml-window-d.lib" "sfml-graphics-d.lib" "sfml-network-d.lib" "sfml-audio-d.lib" kernel32.lib user32.lib gdi32.lib winspool.lib comdlg32.lib advapi32.lib shell32.lib ole32.lib oleaut32.lib uuid.lib odbc32.lib odbccp32.lib /MANIFEST /ManifestFile:"Debug\Game.exe.intermediate.manifest" /MANIFESTUAC:"level='asInvoker' uiAccess='false'" /DEBUG /PDB:"C:\Users\user1\Desktop\Poop\Game\Debug\Game.pdb" /SUBSYSTEM:CONSOLE /TLBID:1 /DYNAMICBASE /NXCOMPAT /IMPLIB:"C:\Users\user1\Desktop\Poop\Game\Debug\Game.lib" /MACHINE:X86 /PROFILE Debug\Game.exe.embed.manifest.res
         Debug\AnimatedTexture.obj
         Debug\Boss.obj
         Debug\Game.obj
         Debug\HelperFunctions.obj
         Debug\Main.obj
         Debug\PauseMenu.obj
         Debug\Player.obj
         Debug\ScrollingBackground.obj
         Debug\TextScreen.obj
     1>LINK : warning LNK4075: ignoring '/INCREMENTAL' due to '/PROFILE' specification
     1>AnimatedTexture.obj : warning LNK4075: ignoring '/EDITANDCONTINUE' due to '/OPT:REF' specification
       Manifest:
         C:\Program Files\Microsoft SDKs\Windows\v7.0A\bin\mt.exe /nologo /verbose /out:"Debug\Game.exe.embed.manifest" /manifest Debug\Game.exe.intermediate.manifest
         All outputs are up-to-date.
       LinkEmbedManifest:
         All outputs are up-to-date.
         Game.vcxproj -> C:\Users\user1\Desktop\Poop\Game\Debug\Game.exe
       FinalizeBuildStatus:
         Deleting file "Debug\Game.unsuccessfulbuild".
         Touching "Debug\Game.lastbuildstate".
     1>Done Building Project "C:\Users\user1\Desktop\Poop\Game\Game\Game.vcxproj" (build target(s)).

Build succeeded.

Time Elapsed 00:00:02.98
