C:\USERS\USER1\DESKTOP\POOP\GAME\DEBUG\GAME.EXE
C:\USERS\USER1\DESKTOP\POOP\GAME\DEBUG\GAME.PDB
C:\USERS\USER1\DESKTOP\POOP\GAME\GAME\DEBUG\ANIMATEDTEXTURE.OBJ
C:\USERS\USER1\DESKTOP\POOP\GAME\GAME\DEBUG\BOSS.OBJ
C:\Users\user1\Desktop\Poop\Game\Game\Debug\cl.command.1.tlog
C:\Users\user1\Desktop\Poop\Game\Game\Debug\CL.read.1.tlog
C:\Users\user1\Desktop\Poop\Game\Game\Debug\CL.write.1.tlog
C:\USERS\USER1\DESKTOP\POOP\GAME\GAME\DEBUG\GAME.EXE.EMBED.MANIFEST
C:\USERS\USER1\DESKTOP\POOP\GAME\GAME\DEBUG\GAME.EXE.EMBED.MANIFEST.RES
C:\USERS\USER1\DESKTOP\POOP\GAME\GAME\DEBUG\GAME.EXE.INTERMEDIATE.MANIFEST
C:\USERS\USER1\DESKTOP\POOP\GAME\GAME\DEBUG\GAME.OBJ
C:\Users\user1\Desktop\Poop\Game\Game\Debug\Game_manifest.rc
C:\USERS\USER1\DESKTOP\POOP\GAME\GAME\DEBUG\HELPERFUNCTIONS.OBJ
C:\Users\user1\Desktop\Poop\Game\Game\Debug\link.command.1.tlog
C:\Users\user1\Desktop\Poop\Game\Game\Debug\link.read.1.tlog
C:\Users\user1\Desktop\Poop\Game\Game\Debug\link.write.1.tlog
C:\Users\user1\Desktop\Poop\Game\Game\Debug\link-cvtres.read.1.tlog
C:\Users\user1\Desktop\Poop\Game\Game\Debug\link-cvtres.write.1.tlog
C:\USERS\USER1\DESKTOP\POOP\GAME\GAME\DEBUG\MAIN.OBJ
C:\USERS\USER1\DESKTOP\POOP\GAME\GAME\DEBUG\MAINMENU.OBJ
C:\Users\user1\Desktop\Poop\Game\Game\Debug\mt.command.1.tlog
C:\Users\user1\Desktop\Poop\Game\Game\Debug\mt.read.1.tlog
C:\Users\user1\Desktop\Poop\Game\Game\Debug\mt.write.1.tlog
C:\USERS\USER1\DESKTOP\POOP\GAME\GAME\DEBUG\PLAYER.OBJ
C:\Users\user1\Desktop\Poop\Game\Game\Debug\rc.command.1.tlog
C:\Users\user1\Desktop\Poop\Game\Game\Debug\rc.read.1.tlog
C:\Users\user1\Desktop\Poop\Game\Game\Debug\rc.write.1.tlog
C:\USERS\USER1\DESKTOP\POOP\GAME\GAME\DEBUG\SCROLLINGBACKGROUND.OBJ
C:\USERS\USER1\DESKTOP\POOP\GAME\GAME\DEBUG\SPLASHSCREEN.OBJ
C:\Users\user1\Desktop\Poop\Game\Game\Debug\vc100.idb
C:\USERS\USER1\DESKTOP\POOP\GAME\GAME\DEBUG\VC100.PDB
